<?xml version="1.0" encoding="UTF-8"?>
<!-- Generated by org.testng.reporters.JUnitXMLReporter -->
<testsuite hostname="DESKTOP-D1STLU7" ignored="0" name="Test" tests="6" failures="0" timestamp="2020-03-24T16:55:25 IST" time="0.189" errors="0">
  <testcase name="testcase3" time="0.03" classname="Selenium.Parallel1"/>
  <testcase name="testcase2" time="0.03" classname="Selenium.Parallel1"/>
  <testcase name="testcase1" time="0.03" classname="Selenium.Parallel1"/>
  <testcase name="testcase4" time="0.03" classname="Selenium.Parallel2"/>
  <testcase name="testcase6" time="0.005" classname="Selenium.Parallel2"/>
  <testcase name="testcase5" time="0.031" classname="Selenium.Parallel2"/>
</testsuite> <!-- Test -->
