<?xml version="1.0" encoding="UTF-8" ?>
<testsuite tests="5" failures="4" name="TestSuite" time="22.938" errors="0" skipped="0">
  <properties>
[...]
</properties>
  <testcase classname="cts.miniproject.test.TestSeleniumInChrome" name="testchrome" time="22.929"/>
  <testcase classname="Selenium.learningAttributesInTestNGTest" name="TestATest" time="0.009">
    <failure message="Test not implemented" type="java.lang.RuntimeException">java.lang.RuntimeException: Test not implemented
	at Selenium.learningAttributesInTestNGTest.TestATest(learningAttributesInTestNGTest.java:10)
</failure>
  </testcase>
  <testcase classname="Selenium.learningAttributesInTestNGTest" name="TestBTest" time="0">
    <failure message="Test not implemented" type="java.lang.RuntimeException">java.lang.RuntimeException: Test not implemented
	at Selenium.learningAttributesInTestNGTest.TestBTest(learningAttributesInTestNGTest.java:15)
</failure>
  </testcase>
  <testcase classname="Selenium.learningAttributesInTestNGTest" name="TestCTest" time="0">
    <failure message="Test not implemented" type="java.lang.RuntimeException">java.lang.RuntimeException: Test not implemented
	at Selenium.learningAttributesInTestNGTest.TestCTest(learningAttributesInTestNGTest.java:20)
</failure>
  </testcase>
  <testcase classname="Selenium.TestSelenium" name="testconfig" time="0">
    <failure message=".\Configuration1\Config.property (The system cannot find the path specified)" type="java.io.FileNotFoundException">java.io.FileNotFoundException: .\Configuration1\Config.property (The system cannot find the path specified)
	at java.io.FileInputStream.open0(Native Method)
	at java.io.FileInputStream.open(FileInputStream.java:195)
	at java.io.FileInputStream.&lt;init&gt;(FileInputStream.java:138)
	at Selenium.TestSelenium.testconfig(TestSelenium.java:15)
</failure>
  </testcase>
</testsuite>